<?xml version="1.0" encoding="UTF-8"?>
<testng-results ignored="0" total="1" passed="1" failed="0" skipped="0">
  <reporter-output>
    <line>
      <![CDATA[Setting up reports and Test getting ready]]>
    </line>
    <line>
      <![CDATA[Setting done and Test can be started]]>
    </line>
    <line>
      <![CDATA[Setting up browser]]>
    </line>
    <line>
      <![CDATA[Browser is up and running]]>
    </line>
    <line>
      <![CDATA[Test About to end]]>
    </line>
    <line>
      <![CDATA[Reports generated and Test completed.]]>
    </line>
  </reporter-output>
  <suite started-at="2022-11-12T15:58:14 IST" name="Default suite" finished-at="2022-11-12T15:58:25 IST" duration-ms="10326">
    <groups>
    </groups>
    <test started-at="2022-11-12T15:58:14 IST" name="Default test" finished-at="2022-11-12T15:58:25 IST" duration-ms="10326">
      <class name="com.seleniumAutomation.testcases.LoginTestDemo">
        <test-method is-config="true" signature="setUpSuite()[pri:0, instance:com.seleniumAutomation.testcases.LoginTestDemo@20140db9]" started-at="2022-11-12T15:58:14 IST" name="setUpSuite" finished-at="2022-11-12T15:58:14 IST" duration-ms="629" status="PASS">
          <reporter-output>
            <line>
              <![CDATA[Setting up reports and Test getting ready]]>
            </line>
            <line>
              <![CDATA[Setting done and Test can be started]]>
            </line>
          </reporter-output>
        </test-method> <!-- setUpSuite -->
        <test-method is-config="true" signature="setup()[pri:0, instance:com.seleniumAutomation.testcases.LoginTestDemo@20140db9]" started-at="2022-11-12T15:58:14 IST" name="setup" finished-at="2022-11-12T15:58:20 IST" duration-ms="5443" status="PASS">
          <reporter-output>
            <line>
              <![CDATA[Setting up browser]]>
            </line>
            <line>
              <![CDATA[Browser is up and running]]>
            </line>
          </reporter-output>
        </test-method> <!-- setup -->
        <test-method signature="loginApp()[pri:1, instance:com.seleniumAutomation.testcases.LoginTestDemo@20140db9]" started-at="2022-11-12T15:58:20 IST" name="loginApp" finished-at="2022-11-12T15:58:24 IST" duration-ms="4013" status="PASS">
          <reporter-output>
          </reporter-output>
        </test-method> <!-- loginApp -->
        <test-method is-config="true" signature="tearDownMethod(org.testng.ITestResult)[pri:0, instance:com.seleniumAutomation.testcases.LoginTestDemo@20140db9]" started-at="2022-11-12T15:58:24 IST" name="tearDownMethod" finished-at="2022-11-12T15:58:24 IST" duration-ms="527" status="PASS">
          <params>
            <param index="0">
              <value>
                <![CDATA[[TestResult name=loginApp status=SUCCESS method=LoginTestDemo.loginApp()[pri:1, instance:com.seleniumAutomation.testcases.LoginTestDemo@20140db9] output={null}]]]>
              </value>
            </param>
          </params>
          <reporter-output>
            <line>
              <![CDATA[Test About to end]]>
            </line>
            <line>
              <![CDATA[Reports generated and Test completed.]]>
            </line>
          </reporter-output>
        </test-method> <!-- tearDownMethod -->
        <test-method is-config="true" signature="tearDown()[pri:0, instance:com.seleniumAutomation.testcases.LoginTestDemo@20140db9]" started-at="2022-11-12T15:58:24 IST" name="tearDown" finished-at="2022-11-12T15:58:25 IST" duration-ms="306" status="PASS">
          <reporter-output>
          </reporter-output>
        </test-method> <!-- tearDown -->
      </class> <!-- com.seleniumAutomation.testcases.LoginTestDemo -->
    </test> <!-- Default test -->
  </suite> <!-- Default suite -->
</testng-results>
